<?xml version="1.0" encoding="UTF-8"?>
<testsuite name="Command line test" failures="1" tests="1" time="0.049" errors="0">
  <properties/>
  <testcase name="shouldInjectDefinedBinding" time="0.013" classname="no.bekk.guice.InjectionTest">
    <failure type="java.lang.NullPointerException">
      <![CDATA[java.lang.NullPointerException
	at com.google.inject.AbstractModule.bind(AbstractModule.java:112)
	at no.bekk.guice.TestingModule.configure(TestingModule.java:12)
	at no.bekk.guice.TestingModule.inject(TestingModule.java:17)
	at no.bekk.guice.InjectionTest.shouldInjectDefinedBinding(InjectionTest.java:10)
	at org.apache.maven.surefire.testng.TestNGExecutor.run(TestNGExecutor.java:62)
	at org.apache.maven.surefire.testng.TestNGDirectoryTestSuite.execute(TestNGDirectoryTestSuite.java:141)
	at org.apache.maven.surefire.Surefire.run(Surefire.java:177)
	at org.apache.maven.surefire.booter.SurefireBooter.runSuitesInProcess(SurefireBooter.java:345)
	at org.apache.maven.surefire.booter.SurefireBooter.main(SurefireBooter.java:1009)
... Removed 24 stack frames]]>
    </failure>
  </testcase>
</testsuite>
