<?xml version="1.0" encoding="UTF-8" ?>
<testsuite failures="1" time="0.62" errors="0" skipped="0" tests="1" name="TestSuite">
  <properties>
[...]
</properties>
  <testcase time="0.017" classname="no.bekk.guice.InjectionTest" name="shouldInjectDefinedBinding">
    <failure type="java.lang.NullPointerException">java.lang.NullPointerException
	at com.google.inject.AbstractModule.bind(AbstractModule.java:112)
	at no.bekk.guice.TestingModule.configure(TestingModule.java:12)
	at no.bekk.guice.TestingModule.inject(TestingModule.java:17)
	at no.bekk.guice.InjectionTest.shouldInjectDefinedBinding(InjectionTest.java:10)
</failure>
  </testcase>
</testsuite>