<?xml version="1.0" encoding="UTF-8"?>
<testsuite name="no.bekk.guice.InjectionTest(failed)" failures="1" tests="1" time="0.074" errors="0">
  <properties/>
  <testcase name="shouldInjectDefinedBinding" time="0.019" classname="no.bekk.guice.InjectionTest">
    <failure type="java.lang.NullPointerException">
      <![CDATA[java.lang.NullPointerException
	at com.google.inject.AbstractModule.bind(AbstractModule.java:112)
	at no.bekk.guice.TestingModule.configure(TestingModule.java:12)
	at no.bekk.guice.TestingModule.inject(TestingModule.java:17)
	at no.bekk.guice.InjectionTest.shouldInjectDefinedBinding(InjectionTest.java:10)
... Removed 22 stack frames]]>
    </failure>
  </testcase>
</testsuite>
